20:46:21,979 пео╒    [org.jboss.modules] JBoss Modules version 1.1.1.GA
20:46:22,829 INFO  [org.jboss.msc] JBoss MSC version 1.0.2.GA
20:46:22,884 INFO  [org.jboss.as] JBAS015899: JBoss AS 7.1.1.Final "Brontes" starting
20:46:22,886 DEBUG [org.jboss.as.config] Configured system properties:
	awt.toolkit = sun.awt.windows.WToolkit
	file.encoding = GBK
	file.encoding.pkg = sun.io
	file.separator = \
	java.awt.graphicsenv = sun.awt.Win32GraphicsEnvironment
	java.awt.printerjob = sun.awt.windows.WPrinterJob
	java.class.path = D:\Java\jboss-as-7.1.1.Final/jboss-modules.jar
	java.class.version = 51.0
	java.endorsed.dirs = D:\MyEclipse Professional 2014\binary\com.sun.java.jdk7.win32.x86_64_1.7.0.u45\jre\lib\endorsed
	java.ext.dirs = D:\MyEclipse Professional 2014\binary\com.sun.java.jdk7.win32.x86_64_1.7.0.u45\jre\lib\ext;C:\Windows\Sun\Java\lib\ext
	java.home = D:\MyEclipse Professional 2014\binary\com.sun.java.jdk7.win32.x86_64_1.7.0.u45\jre
	java.io.tmpdir = C:\Users\Apmx\AppData\Local\Temp\
	java.library.path = D:\MyEclipse Professional 2014\binary\com.sun.java.jdk7.win32.x86_64_1.7.0.u45\bin;C:\Windows\Sun\Java\bin;C:\Windows\system32;C:\Windows;d:\Program Files (x86)\EasyPHP-DevServer-14.1VC11\binaries\php\php_runningversion;C:\Windows\system32;C:\Windows;C:\Windows\System32\Wbem;C:\Windows\System32\WindowsPowerShell\v1.0\;C:\Program Files\Lenovo\Fingerprint Manager Pro\;C:\Program Files (x86)\Intel\OpenCL SDK\3.0\bin\x86;C:\Program Files (x86)\Intel\OpenCL SDK\3.0\bin\x64;C:\Program Files (x86)\MySQL\MySQL Server 5.1\bin;C:\Program Files (x86)\Java\jre7\bin;.
	java.runtime.name = Java(TM) SE Runtime Environment
	java.runtime.version = 1.7.0_45-b18
	java.specification.name = Java Platform API Specification
	java.specification.vendor = Oracle Corporation
	java.specification.version = 1.7
	java.util.logging.manager = org.jboss.logmanager.LogManager
	java.vendor = Oracle Corporation
	java.vendor.url = http://java.oracle.com/
	java.vendor.url.bug = http://bugreport.sun.com/bugreport/
	java.version = 1.7.0_45
	java.vm.info = mixed mode
	java.vm.name = Java HotSpot(TM) 64-Bit Server VM
	java.vm.specification.name = Java Virtual Machine Specification
	java.vm.specification.vendor = Oracle Corporation
	java.vm.specification.version = 1.7
	java.vm.vendor = Oracle Corporation
	java.vm.version = 24.45-b08
	javax.management.builder.initial = org.jboss.as.jmx.PluggableMBeanServerBuilder
	javax.xml.datatype.DatatypeFactory = __redirected.__DatatypeFactory
	javax.xml.parsers.DocumentBuilderFactory = __redirected.__DocumentBuilderFactory
	javax.xml.parsers.SAXParserFactory = __redirected.__SAXParserFactory
	javax.xml.stream.XMLEventFactory = __redirected.__XMLEventFactory
	javax.xml.stream.XMLInputFactory = __redirected.__XMLInputFactory
	javax.xml.stream.XMLOutputFactory = __redirected.__XMLOutputFactory
	javax.xml.transform.TransformerFactory = __redirected.__TransformerFactory
	javax.xml.validation.SchemaFactory:http://www.w3.org/2001/XMLSchema = __redirected.__SchemaFactory
	javax.xml.xpath.XPathFactory:http://java.sun.com/jaxp/xpath/dom = __redirected.__XPathFactory
	jboss.home.dir = D:\Java\jboss-as-7.1.1.Final
	jboss.host.name = apmx-pc
	jboss.modules.dir = D:\Java\jboss-as-7.1.1.Final\modules
	jboss.node.name = apmx-pc
	jboss.qualified.host.name = apmx-pc
	jboss.server.base.dir = D:\Java\jboss-as-7.1.1.Final\standalone
	jboss.server.config.dir = D:\Java\jboss-as-7.1.1.Final\standalone\configuration
	jboss.server.data.dir = D:\Java\jboss-as-7.1.1.Final\standalone\data
	jboss.server.deploy.dir = D:\Java\jboss-as-7.1.1.Final\standalone\data\content
	jboss.server.log.dir = D:\Java\jboss-as-7.1.1.Final\standalone\log
	jboss.server.name = apmx-pc
	jboss.server.temp.dir = D:\Java\jboss-as-7.1.1.Final\standalone\tmp
	line.separator = 

	logging.configuration = file:D:\Java\jboss-as-7.1.1.Final/standalone/configuration/logging.properties
	module.path = D:\Java\jboss-as-7.1.1.Final/modules
	org.jboss.boot.log.file = D:\Java\jboss-as-7.1.1.Final/standalone/log/boot.log
	org.jboss.resolver.warning = true
	org.xml.sax.driver = __redirected.__XMLReaderFactory
	os.arch = amd64
	os.name = Windows 7
	os.version = 6.1
	path.separator = ;
	sun.arch.data.model = 64
	sun.boot.class.path = D:\MyEclipse Professional 2014\binary\com.sun.java.jdk7.win32.x86_64_1.7.0.u45\jre\lib\resources.jar;D:\MyEclipse Professional 2014\binary\com.sun.java.jdk7.win32.x86_64_1.7.0.u45\jre\lib\rt.jar;D:\MyEclipse Professional 2014\binary\com.sun.java.jdk7.win32.x86_64_1.7.0.u45\jre\lib\sunrsasign.jar;D:\MyEclipse Professional 2014\binary\com.sun.java.jdk7.win32.x86_64_1.7.0.u45\jre\lib\jsse.jar;D:\MyEclipse Professional 2014\binary\com.sun.java.jdk7.win32.x86_64_1.7.0.u45\jre\lib\jce.jar;D:\MyEclipse Professional 2014\binary\com.sun.java.jdk7.win32.x86_64_1.7.0.u45\jre\lib\charsets.jar;D:\MyEclipse Professional 2014\binary\com.sun.java.jdk7.win32.x86_64_1.7.0.u45\jre\lib\jfr.jar;D:\MyEclipse Professional 2014\binary\com.sun.java.jdk7.win32.x86_64_1.7.0.u45\jre\classes
	sun.boot.library.path = D:\MyEclipse Professional 2014\binary\com.sun.java.jdk7.win32.x86_64_1.7.0.u45\jre\bin
	sun.cpu.endian = little
	sun.cpu.isalist = amd64
	sun.desktop = windows
	sun.io.unicode.encoding = UnicodeLittle
	sun.java.command = org.jboss.modules.Main -mp D:\Java\jboss-as-7.1.1.Final/modules -logmodule org.jboss.logmanager -jaxpmodule javax.xml.jaxp-provider org.jboss.as.standalone
	sun.java.launcher = SUN_STANDARD
	sun.jnu.encoding = GBK
	sun.management.compiler = HotSpot 64-Bit Tiered Compilers
	sun.os.patch.level = Service Pack 1
	sun.rmi.dgc.client.gcInterval = 3600000
	sun.rmi.dgc.server.gcInterval = 3600000
	user.country = CN
	user.dir = D:\Java\jboss-as-7.1.1.Final\bin
	user.home = C:\Users\Apmx
	user.language = zh
	user.name = Apmx
	user.script = 
	user.timezone = Asia/Shanghai
	user.variant = 
20:46:22,901 DEBUG [org.jboss.as.config] VM Arguments: -Djboss.home.dir=D:\Java\jboss-as-7.1.1.Final -Dorg.jboss.resolver.warning=true -Dsun.rmi.dgc.client.gcInterval=3600000 -Dsun.rmi.dgc.server.gcInterval=3600000 -Dorg.jboss.boot.log.file=D:\Java\jboss-as-7.1.1.Final/standalone/log/boot.log -Dlogging.configuration=file:D:\Java\jboss-as-7.1.1.Final/standalone/configuration/logging.properties -Xms128m -Xmx512m -XX:MaxPermSize=256m 
20:46:26,279 INFO  [org.jboss.as.server] JBAS015888: Creating http management service using socket-binding (management-http)
20:46:26,315 INFO  [org.xnio] XNIO Version 3.0.3.GA
20:46:26,337 INFO  [org.xnio.nio] XNIO NIO Implementation Version 3.0.3.GA
20:46:26,362 INFO  [org.jboss.as.logging] JBAS011502: Removing bootstrap log handlers
